<?xml version="1.0" encoding="UTF-8"?>
<robot generator="Robot 6.0.1 (Python 3.11.0 on win32)" generated="20221122 20:06:33.187" rpa="false" schemaversion="3">
<suite id="s1" name="AutomationTC" source="D:\Robot framework\Testcases\AutomationTC.robot">
<test id="s1-t1" name="Opening app" line="6">
<kw name="To open automation browser" library="Automation">
<kw name="Open Browser" library="SeleniumLibrary">
<arg>${url}</arg>
<arg>${browser}</arg>
<doc>Opens a new browser instance to the optional ``url``.</doc>
<msg timestamp="20221122 20:06:33.545" level="INFO">Opening browser 'chrome' to base url 'https://itera-qa.azurewebsites.net/home/automation'.</msg>
<status status="PASS" starttime="20221122 20:06:33.529" endtime="20221122 20:06:40.321"/>
</kw>
<kw name="Maximize Browser Window" library="SeleniumLibrary">
<doc>Maximizes current browser window.</doc>
<status status="PASS" starttime="20221122 20:06:40.321" endtime="20221122 20:06:40.456"/>
</kw>
<kw name="Sleep" library="BuiltIn">
<arg>5</arg>
<doc>Pauses the test executed for the given time.</doc>
<msg timestamp="20221122 20:06:45.456" level="INFO">Slept 5 seconds</msg>
<status status="PASS" starttime="20221122 20:06:40.456" endtime="20221122 20:06:45.456"/>
</kw>
<status status="PASS" starttime="20221122 20:06:33.529" endtime="20221122 20:06:45.456"/>
</kw>
<status status="PASS" starttime="20221122 20:06:33.529" endtime="20221122 20:06:45.456"/>
</test>
<test id="s1-t2" name="Clicking on radio button" line="8">
<kw name="To click on radio button" library="Automation">
<kw name="Scroll Element Into View" library="SeleniumLibrary">
<arg>${scroll}</arg>
<doc>Scrolls the element identified by ``locator`` into view.</doc>
<status status="PASS" starttime="20221122 20:06:45.458" endtime="20221122 20:06:45.759"/>
</kw>
<kw name="Sleep" library="BuiltIn">
<arg>5</arg>
<doc>Pauses the test executed for the given time.</doc>
<msg timestamp="20221122 20:06:50.759" level="INFO">Slept 5 seconds</msg>
<status status="PASS" starttime="20221122 20:06:45.759" endtime="20221122 20:06:50.759"/>
</kw>
<status status="PASS" starttime="20221122 20:06:45.458" endtime="20221122 20:06:50.759"/>
</kw>
<status status="PASS" starttime="20221122 20:06:45.458" endtime="20221122 20:06:50.759"/>
</test>
<status status="PASS" starttime="20221122 20:06:33.187" endtime="20221122 20:06:50.761"/>
</suite>
<statistics>
<total>
<stat pass="2" fail="0" skip="0">All Tests</stat>
</total>
<tag>
</tag>
<suite>
<stat pass="2" fail="0" skip="0" id="s1" name="AutomationTC">AutomationTC</stat>
</suite>
</statistics>
<errors>
</errors>
</robot>
